*****************************************************************
      SolidWorks Corporation - IGES Processor Status Report
*****************************************************************
=================================================================
General Information
=================================================================
Sending System Product I.D.  : PAD RAMP VGT
Receiving System Product I.D.: PAD RAMP VGT
File Name                    : Z:\James Tobin\Sentinelle Improvements\Duke University\Sent. Pad Ref. Models\PAD RAMP VGT.IGS
Sending System               : SolidWorks 2017
Preprocessor Version         : SolidWorks 2017
File Creation Date           : 180601.114732
Model Creation Date          : 180601.114732
Units                        : MM
Model Space Scale            : 1
Author                       : 310281120
Organization                 : 


=================================================================
Entity Processing Information
=================================================================


=================================================================
Precision analysis of IGES file:
=================================================================
  Most prevalent number of significant digits:               2
  Highest number of significant digits:                     12
  Average number of significant digits:                6.59627
  Maximum distance to origin:                          798.748
  Minimum distance to origin:                             50.8
  Effective number of significant digits:              11.9447


=================================================================
Entity Summary
=================================================================
-----------------------------------------------------------------
Type Name                                         Count Converted
---- ----                                         ----- ---------
100  Arc                                              4         4
102  Composite curve                                 40        40
110  Line                                            98        98
120  Surface of revolution                            1         1
124  Transformation matrix                            4         4
126  Rational B-spline curve                        100       100
128  Rational B-spline surface                       19        19
142  Curve on a parametric surface                   20        20
144  Trimmed parametric surface                      20        20
314  Color definition                                 1         1
_________________________________________________________________


=================================================================
Result Summary
=================================================================
SolidWorks Feature Type                Count
-----------------------                -----
Solid feature(s)                       1
Surface feature(s)                     0
Curve/Sketch feature(s)                0
--------------------------------------------
Start time: Friday, June 01, 2018 13:56:09
Finish time: Friday, June 01, 2018 13:56:10
Processing time: 0 days, 00 hours, 00 mins, 01 secs
