*****************************************************************
      SolidWorks Corporation - IGES Processor Status Report
*****************************************************************
=================================================================
General Information
=================================================================
Sending System Product I.D.  : 5001151-DOC - PAD BODY WITH BALUN VGTT
Receiving System Product I.D.: 5001151-DOC - PAD BODY WITH BALUN VGTT
File Name                    : Z:\James Tobin\Sentinelle Improvements\Duke University\Sent. Pad Ref. Models\PAD BODY.IGS
Sending System               : SolidWorks 2017
Preprocessor Version         : SolidWorks 2017
File Creation Date           : 180601.115212
Model Creation Date          : 180601.115212
Units                        : MM
Model Space Scale            : 1
Author                       : 310281120
Organization                 : 


=================================================================
Entity Processing Information
=================================================================


=================================================================
Precision analysis of IGES file:
=================================================================
  Most prevalent number of significant digits:              12
  Highest number of significant digits:                     13
  Average number of significant digits:                11.4012
  Maximum distance to origin:                          2262.47
  Minimum distance to origin:                          172.771
  Effective number of significant digits:              12.9335


=================================================================
Entity Summary
=================================================================
-----------------------------------------------------------------
Type Name                                         Count Converted
---- ----                                         ----- ---------
100  Arc                                            198       198
102  Composite curve                                160       160
110  Line                                           220       220
120  Surface of revolution                           45        45
124  Transformation matrix                          165       165
126  Rational B-spline curve                        365       365
128  Rational B-spline surface                       35        35
142  Curve on a parametric surface                   80        80
144  Trimmed parametric surface                      80        80
314  Color definition                                 1         1
_________________________________________________________________


=================================================================
Result Summary
=================================================================
SolidWorks Feature Type                Count
-----------------------                -----
Solid feature(s)                       1
Surface feature(s)                     0
Curve/Sketch feature(s)                0
--------------------------------------------
Start time: Friday, June 01, 2018 13:32:19
Finish time: Friday, June 01, 2018 13:32:20
Processing time: 0 days, 00 hours, 00 mins, 01 secs
